{
  "RSpec": {
    "coverage": {
      "/workspace/sweng-project-MatthewSloyan/app/helpers/application_helper.rb": {
        "lines": [
          1,
          null
        ]
      },
      "/workspace/sweng-project-MatthewSloyan/app/helpers/recipes_helper.rb": {
        "lines": [
          1,
          null
        ]
      },
      "/workspace/sweng-project-MatthewSloyan/app/controllers/recipes_controller.rb": {
        "lines": [
          1,
          null,
          1,
          8,
          null,
          null,
          1,
          1,
          1,
          null,
          null,
          null,
          1,
          null,
          1,
          null,
          null,
          1,
          null,
          1,
          4,
          null,
          null,
          null,
          1,
          0,
          0,
          null,
          null,
          null,
          1,
          null,
          null,
          1,
          null,
          null,
          null,
          1,
          6,
          6,
          6,
          null,
          null,
          1,
          0,
          null,
          null,
          1,
          2,
          2,
          2,
          2,
          null,
          null,
          1,
          2,
          2,
          2,
          2,
          null,
          null
        ]
      },
      "/workspace/sweng-project-MatthewSloyan/app/controllers/application_controller.rb": {
        "lines": [
          1,
          null,
          null,
          1,
          null
        ]
      },
      "/workspace/sweng-project-MatthewSloyan/app/models/recipe.rb": {
        "lines": [
          1,
          1,
          1,
          null,
          1,
          2,
          null,
          null
        ]
      }
    },
    "timestamp": 1588600166
  },
  "Cucumber Features": {
    "coverage": {
      "/workspace/sweng-project-MatthewSloyan/app/models/recipe.rb": {
        "lines": [
          1,
          1,
          1,
          null,
          null,
          null,
          1,
          4,
          null,
          null,
          null,
          null,
          1,
          2,
          2,
          null,
          null
        ]
      },
      "/workspace/sweng-project-MatthewSloyan/app/controllers/recipes_controller.rb": {
        "lines": [
          1,
          null,
          null,
          null,
          1,
          0,
          null,
          null,
          1,
          0,
          0,
          null,
          null,
          null,
          1,
          null,
          null,
          null,
          4,
          null,
          null,
          4,
          null,
          4,
          16,
          null,
          null,
          null,
          4,
          0,
          0,
          null,
          null,
          null,
          null,
          4,
          2,
          null,
          2,
          2,
          2,
          null,
          null,
          null,
          null,
          null,
          2,
          null,
          null,
          null,
          1,
          null,
          0,
          null,
          null,
          1,
          null,
          null,
          null,
          null,
          0,
          null,
          null,
          null,
          null,
          null,
          null,
          null,
          0,
          0,
          null,
          null,
          1,
          0,
          null,
          null,
          1,
          0,
          0,
          0,
          0,
          null,
          null,
          1,
          0,
          0,
          0,
          0,
          null,
          null
        ]
      },
      "/workspace/sweng-project-MatthewSloyan/app/controllers/application_controller.rb": {
        "lines": [
          1,
          null,
          null,
          1,
          null
        ]
      },
      "/workspace/sweng-project-MatthewSloyan/app/helpers/application_helper.rb": {
        "lines": [
          1,
          null
        ]
      },
      "/workspace/sweng-project-MatthewSloyan/app/helpers/recipes_helper.rb": {
        "lines": [
          1,
          null
        ]
      }
    },
    "timestamp": 1588871710
  }
}
