{
  "RSpec": {
    "coverage": {
      "/workspace/sweng-project-MatthewSloyan/app/helpers/application_helper.rb": {
        "lines": [
          1,
          null
        ]
      },
      "/workspace/sweng-project-MatthewSloyan/app/helpers/recipes_helper.rb": {
        "lines": [
          1,
          null
        ]
      },
      "/workspace/sweng-project-MatthewSloyan/app/helpers/sessions_helper.rb": {
        "lines": [
          1,
          null,
          null,
          1,
          null,
          null,
          3,
          1,
          null,
          null,
          null,
          null,
          null
        ]
      },
      "/workspace/sweng-project-MatthewSloyan/app/helpers/users_helper.rb": {
        "lines": [
          1,
          null
        ]
      },
      "/workspace/sweng-project-MatthewSloyan/app/controllers/recipes_controller.rb": {
        "lines": [
          1,
          null,
          null,
          null,
          1,
          null,
          null,
          1,
          16,
          null,
          null,
          2,
          2,
          null,
          null,
          null,
          null,
          null,
          1,
          10,
          null,
          null,
          1,
          1,
          1,
          null,
          null,
          null,
          1,
          null,
          null,
          null,
          null,
          5,
          5,
          null,
          1,
          null,
          1,
          null,
          null,
          null,
          5,
          null,
          null,
          5,
          null,
          5,
          20,
          null,
          null,
          null,
          5,
          2,
          2,
          2,
          null,
          null,
          null,
          null,
          3,
          2,
          null,
          null,
          2,
          1,
          1,
          null,
          1,
          null,
          null,
          null,
          1,
          null,
          null,
          null,
          1,
          null,
          0,
          0,
          0,
          null,
          null,
          1,
          8,
          8,
          null,
          8,
          8,
          8,
          null,
          0,
          0,
          null,
          null,
          null,
          1,
          null,
          1,
          null,
          null,
          1,
          1,
          1,
          null,
          0,
          null,
          null,
          null,
          1,
          null,
          2,
          2,
          null,
          2,
          2,
          null,
          null,
          null,
          null,
          null,
          null,
          null,
          null,
          null,
          null,
          null,
          null,
          null,
          null,
          null,
          null,
          null,
          1,
          null,
          3,
          null,
          null,
          3,
          1,
          1,
          null,
          2,
          null,
          2,
          2,
          null,
          null,
          null,
          null,
          1,
          4,
          2,
          null,
          2,
          null,
          null,
          null,
          null
        ]
      },
      "/workspace/sweng-project-MatthewSloyan/app/controllers/application_controller.rb": {
        "lines": [
          1,
          null,
          null,
          1,
          null
        ]
      },
      "/workspace/sweng-project-MatthewSloyan/app/controllers/sessions_controller.rb": {
        "lines": [
          1,
          null,
          1,
          null,
          null,
          null,
          null,
          null,
          1,
          5,
          5,
          3,
          null,
          3,
          3,
          null,
          2,
          2,
          null,
          null,
          null,
          null,
          1,
          1,
          null,
          1,
          1,
          null,
          null,
          1,
          3,
          null,
          null
        ]
      },
      "/workspace/sweng-project-MatthewSloyan/app/controllers/users_controller.rb": {
        "lines": [
          1,
          null,
          null,
          null,
          1,
          3,
          null,
          null,
          1,
          null,
          1,
          null,
          null,
          1,
          null,
          3,
          null,
          3,
          2,
          2,
          null,
          1,
          1,
          null,
          null,
          null,
          1,
          null,
          null,
          2,
          null,
          null,
          null,
          2,
          null,
          null
        ]
      },
      "/workspace/sweng-project-MatthewSloyan/app/models/user.rb": {
        "lines": [
          1,
          null,
          null,
          null,
          null,
          1,
          null,
          null,
          null,
          1,
          null,
          null,
          1,
          null,
          null,
          null,
          1,
          1,
          1,
          1,
          1,
          null,
          null,
          null,
          1,
          null,
          null,
          5,
          2,
          2,
          null,
          null,
          null,
          3,
          1,
          1,
          null,
          null,
          null,
          null,
          null,
          null,
          null,
          null,
          null,
          null,
          1,
          16,
          16,
          16,
          null,
          null,
          null
        ]
      },
      "/workspace/sweng-project-MatthewSloyan/app/models/recipe.rb": {
        "lines": [
          1,
          null,
          null,
          1,
          1,
          1,
          null,
          null,
          null,
          1,
          null,
          1,
          6,
          null,
          null,
          null,
          null,
          1,
          3,
          3,
          null,
          null,
          null,
          1,
          null,
          1,
          8,
          null,
          null,
          null,
          null,
          null,
          1,
          13,
          8,
          8,
          null,
          5,
          null,
          null,
          null,
          null,
          null,
          null,
          1,
          1,
          null,
          null
        ]
      },
      "/workspace/sweng-project-MatthewSloyan/app/models/ingredient.rb": {
        "lines": [
          0,
          null,
          null,
          0,
          0
        ],
        "branches": {
        }
      },
      "/workspace/sweng-project-MatthewSloyan/app/models/step.rb": {
        "lines": [
          0,
          null,
          null,
          0,
          0
        ],
        "branches": {
        }
      }
    },
    "timestamp": 1589306404
  },
  "Cucumber Features": {
    "coverage": {
      "/workspace/sweng-project-MatthewSloyan/app/models/recipe.rb": {
        "lines": [
          1,
          null,
          null,
          1,
          1,
          1,
          null,
          null,
          null,
          1,
          null,
          1,
          18,
          null,
          null,
          null,
          null,
          1,
          3,
          3,
          null,
          null,
          null,
          1,
          null,
          1,
          0,
          null,
          null,
          null,
          null,
          null,
          1,
          56,
          0,
          0,
          null,
          56,
          null,
          null,
          null,
          null,
          null,
          null,
          1,
          0,
          null,
          null
        ]
      },
      "/workspace/sweng-project-MatthewSloyan/app/controllers/recipes_controller.rb": {
        "lines": [
          1,
          null,
          null,
          null,
          1,
          null,
          null,
          1,
          0,
          null,
          null,
          0,
          0,
          null,
          null,
          null,
          null,
          null,
          1,
          0,
          null,
          null,
          1,
          0,
          0,
          null,
          null,
          null,
          1,
          null,
          null,
          null,
          null,
          18,
          18,
          null,
          2,
          null,
          2,
          null,
          null,
          null,
          18,
          null,
          null,
          18,
          null,
          18,
          48,
          null,
          null,
          null,
          18,
          3,
          3,
          3,
          null,
          null,
          null,
          null,
          15,
          3,
          null,
          null,
          3,
          2,
          2,
          null,
          1,
          null,
          null,
          null,
          12,
          null,
          null,
          null,
          1,
          null,
          0,
          0,
          0,
          null,
          null,
          1,
          0,
          0,
          null,
          0,
          0,
          0,
          null,
          0,
          0,
          null,
          null,
          null,
          1,
          null,
          0,
          null,
          null,
          0,
          0,
          0,
          null,
          0,
          null,
          null,
          null,
          1,
          null,
          0,
          0,
          null,
          0,
          0,
          null,
          null,
          null,
          null,
          null,
          null,
          null,
          null,
          null,
          null,
          null,
          null,
          null,
          null,
          null,
          null,
          null,
          1,
          null,
          0,
          null,
          null,
          0,
          0,
          0,
          null,
          0,
          null,
          0,
          0,
          null,
          null,
          null,
          null,
          1,
          0,
          0,
          null,
          0,
          null,
          null,
          null,
          null
        ]
      },
      "/workspace/sweng-project-MatthewSloyan/app/controllers/application_controller.rb": {
        "lines": [
          1,
          null,
          null,
          1,
          null
        ]
      },
      "/workspace/sweng-project-MatthewSloyan/app/helpers/application_helper.rb": {
        "lines": [
          1,
          null
        ]
      },
      "/workspace/sweng-project-MatthewSloyan/app/helpers/recipes_helper.rb": {
        "lines": [
          1,
          null
        ]
      },
      "/workspace/sweng-project-MatthewSloyan/app/helpers/sessions_helper.rb": {
        "lines": [
          1,
          null,
          null,
          1,
          null,
          null,
          15,
          0,
          null,
          null,
          null,
          null,
          null
        ]
      },
      "/workspace/sweng-project-MatthewSloyan/app/helpers/users_helper.rb": {
        "lines": [
          1,
          null
        ]
      },
      "/workspace/sweng-project-MatthewSloyan/app/controllers/sessions_controller.rb": {
        "lines": [
          0,
          null,
          0,
          null,
          0,
          null,
          null,
          null,
          0,
          0,
          0,
          0,
          null,
          0,
          0,
          0,
          0,
          0,
          0,
          0,
          null,
          null,
          0,
          0,
          null,
          0,
          0,
          0,
          null,
          0,
          0,
          0,
          0
        ],
        "branches": {
        }
      },
      "/workspace/sweng-project-MatthewSloyan/app/controllers/users_controller.rb": {
        "lines": [
          0,
          null,
          null,
          null,
          0,
          0,
          0,
          null,
          0,
          null,
          0,
          0,
          null,
          0,
          null,
          0,
          null,
          0,
          0,
          0,
          0,
          0,
          0,
          0,
          0,
          null,
          0,
          null,
          null,
          0,
          null,
          null,
          null,
          0,
          0,
          0
        ],
        "branches": {
        }
      },
      "/workspace/sweng-project-MatthewSloyan/app/models/ingredient.rb": {
        "lines": [
          0,
          null,
          null,
          0,
          0
        ],
        "branches": {
        }
      },
      "/workspace/sweng-project-MatthewSloyan/app/models/user.rb": {
        "lines": [
          0,
          null,
          null,
          null,
          null,
          0,
          null,
          null,
          null,
          0,
          null,
          null,
          0,
          null,
          null,
          null,
          0,
          0,
          0,
          0,
          0,
          null,
          null,
          null,
          0,
          null,
          null,
          0,
          0,
          0,
          0,
          null,
          null,
          0,
          0,
          0,
          0,
          null,
          null,
          0,
          0,
          0,
          0,
          null,
          null,
          null,
          0,
          0,
          0,
          0,
          0,
          0,
          0
        ],
        "branches": {
        }
      },
      "/workspace/sweng-project-MatthewSloyan/app/models/step.rb": {
        "lines": [
          0,
          null,
          null,
          0,
          0
        ],
        "branches": {
        }
      }
    },
    "timestamp": 1589306467
  }
}
